2025-01-01 add fallback [1]
2025-01-01 add fallback [2]
2025-01-01 stabilize build [3]
2025-01-01 add TODOs [4]
2025-01-01 add helper function [5]
2025-01-01 adjust validation rules [6]
2025-01-01 remove test code [7]
2025-01-01 cleanup dependencies [8]
2025-01-01 add unit tests [9]
2025-01-01 update API keys [10]
2025-01-01 update configs [11]
2025-01-01 patch vulnerability [12]
2025-01-01 add example file [13]
2025-01-01 update schema migration [14]
2025-01-01 add integration tests [15]
2025-01-01 add helper function [16]
2025-01-01 update README [17]
2025-01-01 fix type error [18]
2025-01-01 adjust timeout [19]
2025-01-01 update workflow [20]
2025-01-01 improve logging format [21]
2025-01-01 update docs with examples [22]
2025-01-01 adjust validation rules [23]
2025-01-01 minor changes [24]
2025-01-01 update gitignore [25]
2025-01-02 reorganize files [1]
2025-01-02 enhance logging [2]
2025-01-02 update API docs [3]
2025-01-02 improve performance [4]
2025-01-02 patch vulnerability [5]
2025-01-02 optimize function [6]
2025-01-02 add tests [7]
2025-01-02 improve performance [8]
2025-01-02 remove test code [9]
2025-01-02 remove unused import [10]
2025-01-02 update gitignore [11]
2025-01-02 fix type error [12]
2025-01-02 update scripts [13]
2025-01-02 add tests [14]
2025-01-02 patch vulnerability [15]
2025-01-02 update dependencies [16]
2025-01-02 fix async issue [17]
2025-01-02 restructure modules [18]
2025-01-02 update roadmap [19]
